2012/07/14 21:48:30 [error] [php] require(/var/www/nepi/protected/vendors/Twig/lib/Twig/Autoloader.php): failed to open stream: No such file or directory (/var/www/nepi/protected/extensions/ETwigViewRenderer.php:73)
Stack trace:
#0 /var/www/yii/framework/web/CWebApplication.php(215): CWebApplication->getComponent()
#1 /var/www/yii/framework/web/CController.php(696): CWebApplication->getViewRenderer()
#2 /var/www/yii/framework/web/CController.php(592): SiteController->resolveViewFile()
#3 /var/www/yii/framework/web/CController.php(868): SiteController->getViewFile()
#4 /var/www/yii/framework/web/CController.php(783): SiteController->renderPartial()
#5 /var/www/nepi/protected/controllers/SiteController.php(32): SiteController->render()
#6 /var/www/yii/framework/web/actions/CInlineAction.php(50): SiteController->actionIndex()
#7 /var/www/yii/framework/web/CController.php(309): CInlineAction->runWithParams()
#8 /var/www/yii/framework/web/CController.php(287): SiteController->runAction()
#9 /var/www/yii/framework/web/CController.php(266): SiteController->runActionWithFilters()
#10 /var/www/yii/framework/web/CWebApplication.php(276): SiteController->run()
#11 /var/www/yii/framework/web/CWebApplication.php(135): CWebApplication->runController()
#12 /var/www/yii/framework/base/CApplication.php(162): CWebApplication->processRequest()
#13 /var/www/nepi/index.php(13): CWebApplication->run()
REQUEST_URI=/nepi/
in /var/www/nepi/protected/extensions/ETwigViewRenderer.php (73)
in /var/www/nepi/protected/extensions/ETwigViewRenderer.php (73)
in /var/www/nepi/protected/controllers/SiteController.php (32)
2012/07/14 21:49:09 [error] [php] require(/var/www/nepi/protected/vendors/Twig/lib/Twig/Autoloader.php): failed to open stream: No such file or directory (/var/www/nepi/protected/extensions/ETwigViewRenderer.php:73)
Stack trace:
#0 /var/www/yii/framework/web/CWebApplication.php(215): CWebApplication->getComponent()
#1 /var/www/yii/framework/web/CController.php(696): CWebApplication->getViewRenderer()
#2 /var/www/yii/framework/web/CController.php(592): SiteController->resolveViewFile()
#3 /var/www/yii/framework/web/CController.php(868): SiteController->getViewFile()
#4 /var/www/yii/framework/web/CController.php(783): SiteController->renderPartial()
#5 /var/www/nepi/protected/controllers/SiteController.php(32): SiteController->render()
#6 /var/www/yii/framework/web/actions/CInlineAction.php(50): SiteController->actionIndex()
#7 /var/www/yii/framework/web/CController.php(309): CInlineAction->runWithParams()
#8 /var/www/yii/framework/web/CController.php(287): SiteController->runAction()
#9 /var/www/yii/framework/web/CController.php(266): SiteController->runActionWithFilters()
#10 /var/www/yii/framework/web/CWebApplication.php(276): SiteController->run()
#11 /var/www/yii/framework/web/CWebApplication.php(135): CWebApplication->runController()
#12 /var/www/yii/framework/base/CApplication.php(162): CWebApplication->processRequest()
#13 /var/www/nepi/index.php(13): CWebApplication->run()
REQUEST_URI=/nepi/
in /var/www/nepi/protected/extensions/ETwigViewRenderer.php (73)
in /var/www/nepi/protected/extensions/ETwigViewRenderer.php (73)
in /var/www/nepi/protected/controllers/SiteController.php (32)
2012/07/14 21:49:10 [error] [php] require(/var/www/nepi/protected/vendors/Twig/lib/Twig/Autoloader.php): failed to open stream: No such file or directory (/var/www/nepi/protected/extensions/ETwigViewRenderer.php:73)
Stack trace:
#0 /var/www/yii/framework/web/CWebApplication.php(215): CWebApplication->getComponent()
#1 /var/www/yii/framework/web/CController.php(696): CWebApplication->getViewRenderer()
#2 /var/www/yii/framework/web/CController.php(592): SiteController->resolveViewFile()
#3 /var/www/yii/framework/web/CController.php(868): SiteController->getViewFile()
#4 /var/www/yii/framework/web/CController.php(783): SiteController->renderPartial()
#5 /var/www/nepi/protected/controllers/SiteController.php(32): SiteController->render()
#6 /var/www/yii/framework/web/actions/CInlineAction.php(50): SiteController->actionIndex()
#7 /var/www/yii/framework/web/CController.php(309): CInlineAction->runWithParams()
#8 /var/www/yii/framework/web/CController.php(287): SiteController->runAction()
#9 /var/www/yii/framework/web/CController.php(266): SiteController->runActionWithFilters()
#10 /var/www/yii/framework/web/CWebApplication.php(276): SiteController->run()
#11 /var/www/yii/framework/web/CWebApplication.php(135): CWebApplication->runController()
#12 /var/www/yii/framework/base/CApplication.php(162): CWebApplication->processRequest()
#13 /var/www/nepi/index.php(13): CWebApplication->run()
REQUEST_URI=/nepi/
in /var/www/nepi/protected/extensions/ETwigViewRenderer.php (73)
in /var/www/nepi/protected/extensions/ETwigViewRenderer.php (73)
in /var/www/nepi/protected/controllers/SiteController.php (32)
